<?xml version="1.0" encoding="UTF-8"?>
<!-- Generated by org.testng.reporters.JUnitXMLReporter -->
<testsuite ignored="0" hostname="ACER-NITRO-5" failures="0" tests="6" name="Add To Cast Test" time="16.595" errors="0" timestamp="2025-04-15T14:29:22 GMT+07:00">
  <testcase classname="org.example.tests.product.AddToCartTest" name="testAddSingleProductToCartWhenLoggedIn" time="2.65"/>
  <testcase classname="org.example.tests.product.AddToCartTest" name="testIncreaseQuantityButton" time="2.299"/>
  <testcase classname="org.example.tests.product.AddToCartTest" name="testDecreaseQuantityButton" time="2.321"/>
  <testcase classname="org.example.tests.product.AddToCartTest" name="testMinimumQuantityLimit" time="2.311"/>
  <testcase classname="org.example.tests.product.AddToCartTest" name="testMaximumQuantityLimit" time="3.763"/>
  <testcase classname="org.example.tests.product.AddToCartTest" name="testAddSingleProductToCartWhenNotLoggedIn" time="2.231"/>
</testsuite> <!-- Add To Cast Test -->
