<?xml version="1.0" encoding="UTF-8"?>
<!-- Generated by org.testng.reporters.JUnitXMLReporter -->
<testsuite ignored="0" hostname="ACER-NITRO-5" failures="0" tests="2" name="Buy Now Test" time="4.247" errors="0" timestamp="2025-04-15T14:29:27 GMT+07:00">
  <testcase classname="org.example.tests.product.BuyNowTest" name="testBuyNowWhenLoggedIn" time="1.926"/>
  <testcase classname="org.example.tests.product.BuyNowTest" name="testBuyNowWhenNotLoggedIn" time="0.269"/>
</testsuite> <!-- Buy Now Test -->
