<?xml version="1.0" encoding="UTF-8"?>
<!-- Generated by org.testng.reporters.JUnitXMLReporter -->
<testsuite ignored="0" hostname="ACER-NITRO-5" failures="0" tests="2" name="Buy Now Test Test" time="4.041" errors="0" timestamp="2025-04-09T21:34:52 GMT+07:00">
  <testcase classname="org.example.tests.product.BuyNowTest" name="testBuyNowWhenLoggedIn" time="1.958"/>
  <testcase classname="org.example.tests.product.BuyNowTest" name="testBuyNowWhenNotLoggedIn" time="0.312"/>
</testsuite> <!-- Buy Now Test Test -->
