<?xml version="1.0" encoding="UTF-8"?>
<!-- Generated by org.testng.reporters.JUnitXMLReporter -->
<testsuite ignored="0" hostname="ACER-NITRO-5" failures="0" tests="2" name="Cart Test" time="26.658" errors="0" timestamp="2025-04-15T14:30:57 GMT+07:00">
  <testcase classname="org.example.tests.cart.ProceedToCheckoutTest" name="testContinueShopping" time="10.048"/>
  <testcase classname="org.example.tests.cart.ProceedToCheckoutTest" name="testProceedToCheckout" time="12.297"/>
</testsuite> <!-- Cart Test -->
