<?xml version="1.0" encoding="UTF-8"?>
<!-- Generated by org.testng.reporters.JUnitXMLReporter -->
<testsuite ignored="0" hostname="ACER-NITRO-5" failures="0" tests="6" name="Change Password Test" time="13.932" errors="0" timestamp="2025-04-15T14:25:51 GMT+07:00">
  <testcase classname="org.example.tests.ChangePass.ChangePassTest" name="testChangePasswordSuccess" time="3.75"/>
  <testcase classname="org.example.tests.ChangePass.ChangePassTest" name="testIncorrectOldPassword" time="0.874"/>
  <testcase classname="org.example.tests.ChangePass.ChangePassTest" name="testMissingInformation" time="0.677"/>
  <testcase classname="org.example.tests.ChangePass.ChangePassTest" name="testNewPasswordSameAsOld" time="0.31"/>
  <testcase classname="org.example.tests.ChangePass.ChangePassTest" name="testPasswordMismatch" time="0.391"/>
  <testcase classname="org.example.tests.ChangePass.ChangePassTest" name="testPasswordTooShort" time="0.317"/>
</testsuite> <!-- Change Password Test -->
