<?xml version="1.0" encoding="UTF-8"?>
<!-- Generated by org.testng.reporters.JUnitXMLReporter -->
<testsuite ignored="0" hostname="ACER-NITRO-5" failures="0" tests="3" name="Check Out Test " time="19.763" errors="0" timestamp="2025-04-15T14:31:33 GMT+07:00">
  <testcase classname="org.example.tests.checkout.CheckoutTest" name="testOrderInformationDisplay" time="0.06"/>
  <testcase classname="org.example.tests.checkout.CheckoutTest" name="testRequiredFieldValidation" time="1.293"/>
  <testcase classname="org.example.tests.checkout.CheckoutTest" name="testSuccessfulOrderPlacement" time="3.402"/>
</testsuite> <!-- Check Out Test  -->
