<?xml version="1.0" encoding="UTF-8"?>
<!-- Generated by org.testng.reporters.JUnitXMLReporter -->
<testsuite ignored="0" hostname="ACER-NITRO-5" failures="0" tests="9" name="Home Page Tests" time="8.978" errors="0" timestamp="2025-04-05T22:05:14 GMT+07:00">
  <testcase classname="org.example.tests.HomePageTest" name="testPageTitle" time="0.012"/>
  <testcase classname="org.example.tests.HomePageTest" name="testCarouselExists" time="0.074"/>
  <testcase classname="org.example.tests.HomePageTest" name="testCategorySectionExists" time="0.085"/>
  <testcase classname="org.example.tests.HomePageTest" name="testProductSectionExists" time="0.045"/>
  <testcase classname="org.example.tests.HomePageTest" name="testCategoriesLoaded" time="0.033"/>
  <testcase classname="org.example.tests.HomePageTest" name="testProductsLoaded" time="0.096"/>
  <testcase classname="org.example.tests.HomePageTest" name="testProductCardDetails" time="0.139"/>
  <testcase classname="org.example.tests.HomePageTest" name="testHeaderFooterLoaded" time="0.091"/>
  <testcase classname="org.example.tests.HomePageTest" name="testProductCardClick" time="1.012"/>
</testsuite> <!-- Home Page Tests -->
