<?xml version="1.0" encoding="UTF-8"?>
<!-- Generated by org.testng.reporters.JUnitXMLReporter -->
<testsuite ignored="0" hostname="ACER-NITRO-5" failures="0" tests="3" name="Home Page Products" time="3.452" errors="0" timestamp="2025-04-15T14:08:00 GMT+07:00">
  <testcase classname="org.example.tests.home.HomePageProductsTest" name="testProductSectionDisplay" time="0.068"/>
  <testcase classname="org.example.tests.home.HomePageProductsTest" name="testProductsLoaded" time="0.091"/>
  <testcase classname="org.example.tests.home.HomePageProductsTest" name="testProductCardClick" time="0.934"/>
</testsuite> <!-- Home Page Products -->
