<?xml version="1.0" encoding="UTF-8"?>
<!-- Generated by org.testng.reporters.JUnitXMLReporter -->
<testsuite ignored="0" hostname="ACER-NITRO-5" failures="0" tests="6" name="Order Detail Test" time="64.749" errors="0" timestamp="2025-04-15T14:29:00 GMT+07:00">
  <testcase classname="org.example.tests.orders.OrderDetailTest" name="testOrderDetailDisplay" time="0.563"/>
  <testcase classname="org.example.tests.orders.OrderDetailTest" name="testCancelButtonVisibility" time="0.069"/>
  <testcase classname="org.example.tests.orders.OrderDetailTest" name="testCancelOrder" time="2.875"/>
  <testcase classname="org.example.tests.orders.OrderDetailTest" name="testBackButtonFunction" time="42.409"/>
  <testcase classname="org.example.tests.orders.OrderDetailTest" name="testInvalidOrderId" time="2.089"/>
  <testcase classname="org.example.tests.orders.OrderDetailTest" name="testSidebarNavigation" time="2.477"/>
</testsuite> <!-- Order Detail Test -->
