<?xml version="1.0" encoding="UTF-8"?>
<!-- Generated by org.testng.reporters.JUnitXMLReporter -->
<testsuite ignored="0" hostname="ACER-NITRO-5" failures="0" tests="4" name="OrderTest Test" time="124.342" errors="0" timestamp="2025-04-15T14:27:55 GMT+07:00">
  <testcase classname="org.example.tests.orders.OrdersTest" name="testDefaultPageDisplay" time="10.168"/>
  <testcase classname="org.example.tests.orders.OrdersTest" name="testOrderFiltering" time="63.646"/>
  <testcase classname="org.example.tests.orders.OrdersTest" name="testViewOrderDetail" time="23.241"/>
  <testcase classname="org.example.tests.orders.OrdersTest" name="testSidebarNavigation" time="23.017"/>
</testsuite> <!-- OrderTest Test -->
