<?xml version="1.0" encoding="UTF-8"?>
<!-- Generated by org.testng.reporters.JUnitXMLReporter -->
<testsuite ignored="0" hostname="ACER-NITRO-5" failures="0" tests="2" name="Product Selection Test" time="5.777" errors="0" timestamp="2025-04-15T14:29:06 GMT+07:00">
  <testcase classname="org.example.tests.product.ProductSelectionTest" name="testColorSelection" time="2.129"/>
  <testcase classname="org.example.tests.product.ProductSelectionTest" name="testSizeSelection" time="2.126"/>
</testsuite> <!-- Product Selection Test -->
