<?xml version="1.0" encoding="UTF-8"?>
<!-- Generated by org.testng.reporters.JUnitXMLReporter -->
<testsuite ignored="0" hostname="ACER-NITRO-5" failures="0" tests="6" name="Update Profile Test" time="22.249" errors="0" timestamp="2025-04-15T14:25:37 GMT+07:00">
  <testcase classname="org.example.tests.profile.UpdateProfileTest" name="updateProfileTestSuccess" time="2.987"/>
  <testcase classname="org.example.tests.profile.UpdateProfileTest" name="updateProfileWithEmptyAddress" time="2.644"/>
  <testcase classname="org.example.tests.profile.UpdateProfileTest" name="updateProfileWithEmptyFullName" time="2.686"/>
  <testcase classname="org.example.tests.profile.UpdateProfileTest" name="updateProfileWithInvalidBirthdayFormat" time="2.587"/>
  <testcase classname="org.example.tests.profile.UpdateProfileTest" name="updateProfileWithInvalidShortPhone" time="2.858"/>
  <testcase classname="org.example.tests.profile.UpdateProfileTest" name="updateProfileWithNonNumericPhone" time="2.961"/>
</testsuite> <!-- Update Profile Test -->
