<?xml version="1.0" encoding="UTF-8"?>
<!-- Generated by org.testng.reporters.JUnitXMLReporter -->
<testsuite ignored="0" hostname="ACER-NITRO-5" failures="0" tests="2" name="View Cart Test" time="24.662" errors="0" timestamp="2025-04-15T14:29:51 GMT+07:00">
  <testcase classname="org.example.tests.cart.ViewCartTest" name="testCartPageDisplay" time="10.11"/>
  <testcase classname="org.example.tests.cart.ViewCartTest" name="testSelectAllItems" time="10.214"/>
</testsuite> <!-- View Cart Test -->
