<!DOCTYPE html PUBLIC "-//W3C//DTD XHTML 1.1//EN" "https://www.w3.org/TR/xhtml11/DTD/xhtml11.dtd">
<html xmlns="https://www.w3.org/1999/xhtml">
<head>
<meta http-equiv="content-type" content="text/html; charset=UTF-8"/>
<title>TestNG Report</title>
<style type="text/css">table {margin-bottom:10px;border-collapse:collapse;empty-cells:show}th,td {border:1px solid #009;padding:.25em .5em}th {vertical-align:bottom}td {vertical-align:top}table a {font-weight:bold}.stripe td {background-color: #E6EBF9}.num {text-align:right}.passedodd td {background-color: #3F3}.passedeven td {background-color: #0A0}.skippedodd td {background-color: #DDD}.skippedeven td {background-color: #CCC}.failedodd td,.attn {background-color: #F33}.failedeven td,.stripe .attn {background-color: #D00}.stacktrace {white-space:pre;font-family:monospace}.totop {font-size:85%;text-align:center;border-bottom:2px solid #000}.invisible {display:none}</style>
</head>
<body>
<table>
<tr><th>Test</th><th># Passed</th><th># Skipped</th><th># Retried</th><th># Failed</th><th>Time (ms)</th><th>Included Groups</th><th>Excluded Groups</th></tr>
<tr><th colspan="8">Fashion Style Website Test Suite</th></tr>
<tr><td><a href="#t0">Login Tests</a></td><td class="num">2</td><td class="num">0</td><td class="num">0</td><td class="num">0</td><td class="num">9.732</td><td></td><td></td></tr>
<tr class="stripe"><td><a href="#t1">Register Test</a></td><td class="num">6</td><td class="num">0</td><td class="num">0</td><td class="num attn">1</td><td class="num">29.910</td><td></td><td></td></tr>
<tr><td><a href="#t2">View Profile Test</a></td><td class="num">1</td><td class="num">0</td><td class="num">0</td><td class="num">0</td><td class="num">7.655</td><td></td><td></td></tr>
<tr class="stripe"><td><a href="#t3">Update Profile Test</a></td><td class="num">6</td><td class="num">0</td><td class="num">0</td><td class="num">0</td><td class="num">22.249</td><td></td><td></td></tr>
<tr><td><a href="#t4">Change Password Test</a></td><td class="num">6</td><td class="num">0</td><td class="num">0</td><td class="num">0</td><td class="num">13.932</td><td></td><td></td></tr>
<tr class="stripe"><td><a href="#t5">OrderTest Test</a></td><td class="num">4</td><td class="num">0</td><td class="num">0</td><td class="num">0</td><td class="num">124.342</td><td></td><td></td></tr>
<tr><td><a href="#t6">Order Detail Test</a></td><td class="num">6</td><td class="num">0</td><td class="num">0</td><td class="num">0</td><td class="num">64.749</td><td></td><td></td></tr>
<tr class="stripe"><td><a href="#t7">Product Selection Test</a></td><td class="num">2</td><td class="num">0</td><td class="num">0</td><td class="num">0</td><td class="num">5.777</td><td></td><td></td></tr>
<tr><td><a href="#t8">Product Detail Test</a></td><td class="num">1</td><td class="num">0</td><td class="num">0</td><td class="num">0</td><td class="num">147</td><td></td><td></td></tr>
<tr class="stripe"><td><a href="#t9">Add To Cast Test</a></td><td class="num">6</td><td class="num">0</td><td class="num">0</td><td class="num">0</td><td class="num">16.595</td><td></td><td></td></tr>
<tr><td><a href="#t10">Buy Now Test</a></td><td class="num">2</td><td class="num">0</td><td class="num">0</td><td class="num">0</td><td class="num">4.247</td><td></td><td></td></tr>
<tr class="stripe"><td><a href="#t11">View Cart Test</a></td><td class="num">2</td><td class="num">0</td><td class="num">0</td><td class="num">0</td><td class="num">24.662</td><td></td><td></td></tr>
<tr><td><a href="#t12">Cart Quantity Test</a></td><td class="num">1</td><td class="num">0</td><td class="num">0</td><td class="num attn">1</td><td class="num">39.025</td><td></td><td></td></tr>
<tr class="stripe"><td><a href="#t13">Cart Test</a></td><td class="num">2</td><td class="num">0</td><td class="num">0</td><td class="num">0</td><td class="num">26.658</td><td></td><td></td></tr>
<tr><td><a href="#t14">Remove Cart Item Test</a></td><td class="num">1</td><td class="num">0</td><td class="num">0</td><td class="num">0</td><td class="num">16.109</td><td></td><td></td></tr>
<tr class="stripe"><td><a href="#t15">Check Out Test </a></td><td class="num">3</td><td class="num">0</td><td class="num">0</td><td class="num">0</td><td class="num">19.763</td><td></td><td></td></tr>
<tr><th>Total</th><th class="num">51</th><th class="num">0</th><th class="num">0</th><th class="num attn">2</th><th class="num">425.552</th><th colspan="2"></th></tr>
</table>
<table id='summary'><thead><tr><th>Class</th><th>Method</th><th>Start</th><th>Time (ms)</th></tr></thead><tbody><tr><th colspan="4">Fashion Style Website Test Suite</th></tr></tbody><tbody id="t0"><tr><th colspan="4">Login Tests &#8212; passed</th></tr><tr class="passedeven"><td rowspan="2">org.example.tests.auth.LoginTest</td><td><a href="#m0">testSuccessfulLogin</a></td><td rowspan="1">1744701870212</td><td rowspan="1">1897</td></tr><tr class="passedeven"><td><a href="#m1">testUnSuccessfulLogin</a></td><td rowspan="1">1744701874722</td><td rowspan="1">2616</td></tr></tbody>
<tbody id="t1"><tr><th colspan="4">Register Test &#8212; failed</th></tr><tr class="failedeven"><td rowspan="1">org.example.tests.auth.RegisterTest</td><td><a href="#m2">testRegisterWithExistingEmail</a></td><td rowspan="1">1744701882852</td><td rowspan="1">10211</td></tr><tr><th colspan="4">Register Test &#8212; passed</th></tr><tr class="passedeven"><td rowspan="6">org.example.tests.auth.RegisterTest</td><td><a href="#m3">testRegisterWithEmptyEmail</a></td><td rowspan="1">1744701897288</td><td rowspan="1">2145</td></tr><tr class="passedeven"><td><a href="#m4">testRegisterWithEmptyFullName</a></td><td rowspan="1">1744701894658</td><td rowspan="1">2192</td></tr><tr class="passedeven"><td><a href="#m5">testRegisterWithMissingPhone</a></td><td rowspan="1">1744701905180</td><td rowspan="1">2114</td></tr><tr class="passedeven"><td><a href="#m6">testRegisterWithPasswordMismatch</a></td><td rowspan="1">1744701902515</td><td rowspan="1">2189</td></tr><tr class="passedeven"><td><a href="#m7">testRegisterWithShortPassword</a></td><td rowspan="1">1744701899876</td><td rowspan="1">2181</td></tr><tr class="passedeven"><td><a href="#m8">testSuccessfulRegistration</a></td><td rowspan="1">1744701879659</td><td rowspan="1">3104</td></tr></tbody>
<tbody id="t2"><tr><th colspan="4">View Profile Test &#8212; passed</th></tr><tr class="passedeven"><td rowspan="1">org.example.tests.profile.ViewProfileTest</td><td><a href="#m9">viewProfileTest</a></td><td rowspan="1">1744701912812</td><td rowspan="1">2118</td></tr></tbody>
<tbody id="t3"><tr><th colspan="4">Update Profile Test &#8212; passed</th></tr><tr class="passedeven"><td rowspan="6">org.example.tests.profile.UpdateProfileTest</td><td><a href="#m10">updateProfileTestSuccess</a></td><td rowspan="1">1744701920436</td><td rowspan="1">2987</td></tr><tr class="passedeven"><td><a href="#m11">updateProfileWithEmptyAddress</a></td><td rowspan="1">1744701923423</td><td rowspan="1">2644</td></tr><tr class="passedeven"><td><a href="#m12">updateProfileWithEmptyFullName</a></td><td rowspan="1">1744701926068</td><td rowspan="1">2686</td></tr><tr class="passedeven"><td><a href="#m13">updateProfileWithInvalidBirthdayFormat</a></td><td rowspan="1">1744701928755</td><td rowspan="1">2587</td></tr><tr class="passedeven"><td><a href="#m14">updateProfileWithInvalidShortPhone</a></td><td rowspan="1">1744701931344</td><td rowspan="1">2858</td></tr><tr class="passedeven"><td><a href="#m15">updateProfileWithNonNumericPhone</a></td><td rowspan="1">1744701934203</td><td rowspan="1">2961</td></tr></tbody>
<tbody id="t4"><tr><th colspan="4">Change Password Test &#8212; passed</th></tr><tr class="passedeven"><td rowspan="6">org.example.tests.ChangePass.ChangePassTest</td><td><a href="#m16">testChangePasswordSuccess</a></td><td rowspan="1">1744701944822</td><td rowspan="1">3750</td></tr><tr class="passedeven"><td><a href="#m17">testIncorrectOldPassword</a></td><td rowspan="1">1744701948573</td><td rowspan="1">874</td></tr><tr class="passedeven"><td><a href="#m18">testMissingInformation</a></td><td rowspan="1">1744701949448</td><td rowspan="1">677</td></tr><tr class="passedeven"><td><a href="#m19">testNewPasswordSameAsOld</a></td><td rowspan="1">1744701950127</td><td rowspan="1">310</td></tr><tr class="passedeven"><td><a href="#m20">testPasswordMismatch</a></td><td rowspan="1">1744701950438</td><td rowspan="1">391</td></tr><tr class="passedeven"><td><a href="#m21">testPasswordTooShort</a></td><td rowspan="1">1744701950830</td><td rowspan="1">317</td></tr></tbody>
<tbody id="t5"><tr><th colspan="4">OrderTest Test &#8212; passed</th></tr><tr class="passedeven"><td rowspan="4">org.example.tests.orders.OrdersTest</td><td><a href="#m22">testDefaultPageDisplay</a></td><td rowspan="1">1744701955394</td><td rowspan="1">10168</td></tr><tr class="passedeven"><td><a href="#m23">testOrderFiltering</a></td><td rowspan="1">1744701965563</td><td rowspan="1">63646</td></tr><tr class="passedeven"><td><a href="#m24">testSidebarNavigation</a></td><td rowspan="1">1744702052452</td><td rowspan="1">23017</td></tr><tr class="passedeven"><td><a href="#m25">testViewOrderDetail</a></td><td rowspan="1">1744702029210</td><td rowspan="1">23241</td></tr></tbody>
<tbody id="t6"><tr><th colspan="4">Order Detail Test &#8212; passed</th></tr><tr class="passedeven"><td rowspan="6">org.example.tests.orders.OrderDetailTest</td><td><a href="#m26">testBackButtonFunction</a></td><td rowspan="1">1744702093229</td><td rowspan="1">42409</td></tr><tr class="passedeven"><td><a href="#m27">testCancelButtonVisibility</a></td><td rowspan="1">1744702090282</td><td rowspan="1">69</td></tr><tr class="passedeven"><td><a href="#m28">testCancelOrder</a></td><td rowspan="1">1744702090352</td><td rowspan="1">2875</td></tr><tr class="passedeven"><td><a href="#m29">testInvalidOrderId</a></td><td rowspan="1">1744702135639</td><td rowspan="1">2089</td></tr><tr class="passedeven"><td><a href="#m30">testOrderDetailDisplay</a></td><td rowspan="1">1744702089718</td><td rowspan="1">563</td></tr><tr class="passedeven"><td><a href="#m31">testSidebarNavigation</a></td><td rowspan="1">1744702137728</td><td rowspan="1">2477</td></tr></tbody>
<tbody id="t7"><tr><th colspan="4">Product Selection Test &#8212; passed</th></tr><tr class="passedeven"><td rowspan="2">org.example.tests.product.ProductSelectionTest</td><td><a href="#m32">testColorSelection</a></td><td rowspan="1">1744702141867</td><td rowspan="1">2129</td></tr><tr class="passedeven"><td><a href="#m33">testSizeSelection</a></td><td rowspan="1">1744702144065</td><td rowspan="1">2126</td></tr></tbody>
<tbody id="t8"><tr><th colspan="4">Product Detail Test &#8212; passed</th></tr><tr class="passedeven"><td rowspan="1">org.example.tests.product.ProductDetailTest</td><td><a href="#m34">testProductInformationDisplay</a></td><td rowspan="1">1744702146274</td><td rowspan="1">68</td></tr></tbody>
<tbody id="t9"><tr><th colspan="4">Add To Cast Test &#8212; passed</th></tr><tr class="passedeven"><td rowspan="6">org.example.tests.product.AddToCartTest</td><td><a href="#m35">testAddSingleProductToCartWhenLoggedIn</a></td><td rowspan="1">1744702147197</td><td rowspan="1">2650</td></tr><tr class="passedeven"><td><a href="#m36">testAddSingleProductToCartWhenNotLoggedIn</a></td><td rowspan="1">1744702160546</td><td rowspan="1">2231</td></tr><tr class="passedeven"><td><a href="#m37">testDecreaseQuantityButton</a></td><td rowspan="1">1744702152148</td><td rowspan="1">2321</td></tr><tr class="passedeven"><td><a href="#m38">testIncreaseQuantityButton</a></td><td rowspan="1">1744702149848</td><td rowspan="1">2299</td></tr><tr class="passedeven"><td><a href="#m39">testMaximumQuantityLimit</a></td><td rowspan="1">1744702156782</td><td rowspan="1">3763</td></tr><tr class="passedeven"><td><a href="#m40">testMinimumQuantityLimit</a></td><td rowspan="1">1744702154470</td><td rowspan="1">2311</td></tr></tbody>
<tbody id="t10"><tr><th colspan="4">Buy Now Test &#8212; passed</th></tr><tr class="passedeven"><td rowspan="2">org.example.tests.product.BuyNowTest</td><td><a href="#m41">testBuyNowWhenLoggedIn</a></td><td rowspan="1">1744702164744</td><td rowspan="1">1926</td></tr><tr class="passedeven"><td><a href="#m42">testBuyNowWhenNotLoggedIn</a></td><td rowspan="1">1744702166754</td><td rowspan="1">269</td></tr></tbody>
<tbody id="t11"><tr><th colspan="4">View Cart Test &#8212; passed</th></tr><tr class="passedeven"><td rowspan="2">org.example.tests.cart.ViewCartTest</td><td><a href="#m43">testCartPageDisplay</a></td><td rowspan="1">1744702171353</td><td rowspan="1">10110</td></tr><tr class="passedeven"><td><a href="#m44">testSelectAllItems</a></td><td rowspan="1">1744702181464</td><td rowspan="1">10214</td></tr></tbody>
<tbody id="t12"><tr><th colspan="4">Cart Quantity Test &#8212; failed</th></tr><tr class="failedeven"><td rowspan="1">org.example.tests.cart.CartQuantityTest</td><td><a href="#m45">testDecreaseQuantity</a></td><td rowspan="1">1744702196040</td><td rowspan="1">21856</td></tr><tr><th colspan="4">Cart Quantity Test &#8212; passed</th></tr><tr class="passedeven"><td rowspan="1">org.example.tests.cart.CartQuantityTest</td><td><a href="#m46">testIncreaseQuantity</a></td><td rowspan="1">1744702217988</td><td rowspan="1">12707</td></tr></tbody>
<tbody id="t13"><tr><th colspan="4">Cart Test &#8212; passed</th></tr><tr class="passedeven"><td rowspan="2">org.example.tests.cart.ProceedToCheckoutTest</td><td><a href="#m47">testContinueShopping</a></td><td rowspan="1">1744702234995</td><td rowspan="1">10048</td></tr><tr class="passedeven"><td><a href="#m48">testProceedToCheckout</a></td><td rowspan="1">1744702245044</td><td rowspan="1">12297</td></tr></tbody>
<tbody id="t14"><tr><th colspan="4">Remove Cart Item Test &#8212; passed</th></tr><tr class="passedeven"><td rowspan="1">org.example.tests.cart.RemoveCartItemTest</td><td><a href="#m49">testRemoveCartItem</a></td><td rowspan="1">1744702261784</td><td rowspan="1">11685</td></tr></tbody>
<tbody id="t15"><tr><th colspan="4">Check Out Test  &#8212; passed</th></tr><tr class="passedeven"><td rowspan="3">org.example.tests.checkout.CheckoutTest</td><td><a href="#m50">testOrderInformationDisplay</a></td><td rowspan="1">1744702288449</td><td rowspan="1">60</td></tr><tr class="passedeven"><td><a href="#m51">testRequiredFieldValidation</a></td><td rowspan="1">1744702288510</td><td rowspan="1">1293</td></tr><tr class="passedeven"><td><a href="#m52">testSuccessfulOrderPlacement</a></td><td rowspan="1">1744702289804</td><td rowspan="1">3402</td></tr></tbody>
</table>
<h2>Login Tests</h2><h3 id="m0">org.example.tests.auth.LoginTest#testSuccessfulLogin</h3><table class="result"><tr><th class="invisible"/></tr></table><p class="totop"><a href="#summary">back to summary</a></p>
<h3 id="m1">org.example.tests.auth.LoginTest#testUnSuccessfulLogin</h3><table class="result"><tr><th class="invisible"/></tr></table><p class="totop"><a href="#summary">back to summary</a></p>
<h2>Register Test</h2><h3 id="m2">org.example.tests.auth.RegisterTest#testRegisterWithExistingEmail</h3><table class="result"><tr><th>Exception</th></tr><tr><td><div class="stacktrace">org.openqa.selenium.TimeoutException: Expected condition failed: waiting for visibility of element located by By.id: registerModal (tried for 10 second(s) with 500 milliseconds interval)
Build info: version: &apos;4.15.0&apos;, revision: &apos;1d14b5521b&apos;
System info: os.name: &apos;Windows 11&apos;, os.arch: &apos;amd64&apos;, os.version: &apos;10.0&apos;, java.version: &apos;23.0.2&apos;
Driver info: org.openqa.selenium.chrome.ChromeDriver
Capabilities {acceptInsecureCerts: false, browserName: chrome, browserVersion: 135.0.7049.85, chrome: {chromedriverVersion: 134.0.6998.35 (ea6ef4c2ac15..., userDataDir: C:\Users\nguye\AppData\Loca...}, fedcm:accounts: true, goog:chromeOptions: {debuggerAddress: localhost:64255}, networkConnectionEnabled: false, pageLoadStrategy: normal, platformName: windows, proxy: Proxy(), se:cdp: ws://localhost:64255/devtoo..., se:cdpVersion: 135.0.7049.85, setWindowRect: true, strictFileInteractability: false, timeouts: {implicit: 0, pageLoad: 300000, script: 30000}, unhandledPromptBehavior: dismiss and notify, webauthn:extension:credBlob: true, webauthn:extension:largeBlob: true, webauthn:extension:minPinLength: true, webauthn:extension:prf: true, webauthn:virtualAuthenticators: true}
Session ID: 8ed9447907cee2676d6417213b000931
	at org.openqa.selenium.support.ui.WebDriverWait.timeoutException(WebDriverWait.java:84)
	at org.openqa.selenium.support.ui.FluentWait.until(FluentWait.java:229)
	at org.example.pages.HeaderComponent.fillRegisterForm(HeaderComponent.java:72)
	at org.example.tests.auth.RegisterTest.testRegisterWithExistingEmail(RegisterTest.java:71)
	at java.base/java.util.ArrayList.forEach(ArrayList.java:1597)
... Removed 29 stack frames</div></td></tr></table><p class="totop"><a href="#summary">back to summary</a></p>
<h3 id="m3">org.example.tests.auth.RegisterTest#testRegisterWithEmptyEmail</h3><table class="result"><tr><th class="invisible"/></tr></table><p class="totop"><a href="#summary">back to summary</a></p>
<h3 id="m4">org.example.tests.auth.RegisterTest#testRegisterWithEmptyFullName</h3><table class="result"><tr><th class="invisible"/></tr></table><p class="totop"><a href="#summary">back to summary</a></p>
<h3 id="m5">org.example.tests.auth.RegisterTest#testRegisterWithMissingPhone</h3><table class="result"><tr><th class="invisible"/></tr></table><p class="totop"><a href="#summary">back to summary</a></p>
<h3 id="m6">org.example.tests.auth.RegisterTest#testRegisterWithPasswordMismatch</h3><table class="result"><tr><th class="invisible"/></tr></table><p class="totop"><a href="#summary">back to summary</a></p>
<h3 id="m7">org.example.tests.auth.RegisterTest#testRegisterWithShortPassword</h3><table class="result"><tr><th class="invisible"/></tr></table><p class="totop"><a href="#summary">back to summary</a></p>
<h3 id="m8">org.example.tests.auth.RegisterTest#testSuccessfulRegistration</h3><table class="result"><tr><th class="invisible"/></tr></table><p class="totop"><a href="#summary">back to summary</a></p>
<h2>View Profile Test</h2><h3 id="m9">org.example.tests.profile.ViewProfileTest#viewProfileTest</h3><table class="result"><tr><th class="invisible"/></tr></table><p class="totop"><a href="#summary">back to summary</a></p>
<h2>Update Profile Test</h2><h3 id="m10">org.example.tests.profile.UpdateProfileTest#updateProfileTestSuccess</h3><table class="result"><tr><th class="invisible"/></tr></table><p class="totop"><a href="#summary">back to summary</a></p>
<h3 id="m11">org.example.tests.profile.UpdateProfileTest#updateProfileWithEmptyAddress</h3><table class="result"><tr><th class="invisible"/></tr></table><p class="totop"><a href="#summary">back to summary</a></p>
<h3 id="m12">org.example.tests.profile.UpdateProfileTest#updateProfileWithEmptyFullName</h3><table class="result"><tr><th class="invisible"/></tr></table><p class="totop"><a href="#summary">back to summary</a></p>
<h3 id="m13">org.example.tests.profile.UpdateProfileTest#updateProfileWithInvalidBirthdayFormat</h3><table class="result"><tr><th class="invisible"/></tr></table><p class="totop"><a href="#summary">back to summary</a></p>
<h3 id="m14">org.example.tests.profile.UpdateProfileTest#updateProfileWithInvalidShortPhone</h3><table class="result"><tr><th class="invisible"/></tr></table><p class="totop"><a href="#summary">back to summary</a></p>
<h3 id="m15">org.example.tests.profile.UpdateProfileTest#updateProfileWithNonNumericPhone</h3><table class="result"><tr><th class="invisible"/></tr></table><p class="totop"><a href="#summary">back to summary</a></p>
<h2>Change Password Test</h2><h3 id="m16">org.example.tests.ChangePass.ChangePassTest#testChangePasswordSuccess</h3><table class="result"><tr><th class="invisible"/></tr></table><p class="totop"><a href="#summary">back to summary</a></p>
<h3 id="m17">org.example.tests.ChangePass.ChangePassTest#testIncorrectOldPassword</h3><table class="result"><tr><th class="invisible"/></tr></table><p class="totop"><a href="#summary">back to summary</a></p>
<h3 id="m18">org.example.tests.ChangePass.ChangePassTest#testMissingInformation</h3><table class="result"><tr><th class="invisible"/></tr></table><p class="totop"><a href="#summary">back to summary</a></p>
<h3 id="m19">org.example.tests.ChangePass.ChangePassTest#testNewPasswordSameAsOld</h3><table class="result"><tr><th class="invisible"/></tr></table><p class="totop"><a href="#summary">back to summary</a></p>
<h3 id="m20">org.example.tests.ChangePass.ChangePassTest#testPasswordMismatch</h3><table class="result"><tr><th class="invisible"/></tr></table><p class="totop"><a href="#summary">back to summary</a></p>
<h3 id="m21">org.example.tests.ChangePass.ChangePassTest#testPasswordTooShort</h3><table class="result"><tr><th class="invisible"/></tr></table><p class="totop"><a href="#summary">back to summary</a></p>
<h2>OrderTest Test</h2><h3 id="m22">org.example.tests.orders.OrdersTest#testDefaultPageDisplay</h3><table class="result"><tr><th class="invisible"/></tr></table><p class="totop"><a href="#summary">back to summary</a></p>
<h3 id="m23">org.example.tests.orders.OrdersTest#testOrderFiltering</h3><table class="result"><tr><th class="invisible"/></tr></table><p class="totop"><a href="#summary">back to summary</a></p>
<h3 id="m24">org.example.tests.orders.OrdersTest#testSidebarNavigation</h3><table class="result"><tr><th class="invisible"/></tr></table><p class="totop"><a href="#summary">back to summary</a></p>
<h3 id="m25">org.example.tests.orders.OrdersTest#testViewOrderDetail</h3><table class="result"><tr><th class="invisible"/></tr></table><p class="totop"><a href="#summary">back to summary</a></p>
<h2>Order Detail Test</h2><h3 id="m26">org.example.tests.orders.OrderDetailTest#testBackButtonFunction</h3><table class="result"><tr><th class="invisible"/></tr></table><p class="totop"><a href="#summary">back to summary</a></p>
<h3 id="m27">org.example.tests.orders.OrderDetailTest#testCancelButtonVisibility</h3><table class="result"><tr><th class="invisible"/></tr></table><p class="totop"><a href="#summary">back to summary</a></p>
<h3 id="m28">org.example.tests.orders.OrderDetailTest#testCancelOrder</h3><table class="result"><tr><th class="invisible"/></tr></table><p class="totop"><a href="#summary">back to summary</a></p>
<h3 id="m29">org.example.tests.orders.OrderDetailTest#testInvalidOrderId</h3><table class="result"><tr><th class="invisible"/></tr></table><p class="totop"><a href="#summary">back to summary</a></p>
<h3 id="m30">org.example.tests.orders.OrderDetailTest#testOrderDetailDisplay</h3><table class="result"><tr><th class="invisible"/></tr></table><p class="totop"><a href="#summary">back to summary</a></p>
<h3 id="m31">org.example.tests.orders.OrderDetailTest#testSidebarNavigation</h3><table class="result"><tr><th class="invisible"/></tr></table><p class="totop"><a href="#summary">back to summary</a></p>
<h2>Product Selection Test</h2><h3 id="m32">org.example.tests.product.ProductSelectionTest#testColorSelection</h3><table class="result"><tr><th class="invisible"/></tr></table><p class="totop"><a href="#summary">back to summary</a></p>
<h3 id="m33">org.example.tests.product.ProductSelectionTest#testSizeSelection</h3><table class="result"><tr><th class="invisible"/></tr></table><p class="totop"><a href="#summary">back to summary</a></p>
<h2>Product Detail Test</h2><h3 id="m34">org.example.tests.product.ProductDetailTest#testProductInformationDisplay</h3><table class="result"><tr><th class="invisible"/></tr></table><p class="totop"><a href="#summary">back to summary</a></p>
<h2>Add To Cast Test</h2><h3 id="m35">org.example.tests.product.AddToCartTest#testAddSingleProductToCartWhenLoggedIn</h3><table class="result"><tr><th class="invisible"/></tr></table><p class="totop"><a href="#summary">back to summary</a></p>
<h3 id="m36">org.example.tests.product.AddToCartTest#testAddSingleProductToCartWhenNotLoggedIn</h3><table class="result"><tr><th class="invisible"/></tr></table><p class="totop"><a href="#summary">back to summary</a></p>
<h3 id="m37">org.example.tests.product.AddToCartTest#testDecreaseQuantityButton</h3><table class="result"><tr><th class="invisible"/></tr></table><p class="totop"><a href="#summary">back to summary</a></p>
<h3 id="m38">org.example.tests.product.AddToCartTest#testIncreaseQuantityButton</h3><table class="result"><tr><th class="invisible"/></tr></table><p class="totop"><a href="#summary">back to summary</a></p>
<h3 id="m39">org.example.tests.product.AddToCartTest#testMaximumQuantityLimit</h3><table class="result"><tr><th class="invisible"/></tr></table><p class="totop"><a href="#summary">back to summary</a></p>
<h3 id="m40">org.example.tests.product.AddToCartTest#testMinimumQuantityLimit</h3><table class="result"><tr><th class="invisible"/></tr></table><p class="totop"><a href="#summary">back to summary</a></p>
<h2>Buy Now Test</h2><h3 id="m41">org.example.tests.product.BuyNowTest#testBuyNowWhenLoggedIn</h3><table class="result"><tr><th class="invisible"/></tr></table><p class="totop"><a href="#summary">back to summary</a></p>
<h3 id="m42">org.example.tests.product.BuyNowTest#testBuyNowWhenNotLoggedIn</h3><table class="result"><tr><th class="invisible"/></tr></table><p class="totop"><a href="#summary">back to summary</a></p>
<h2>View Cart Test</h2><h3 id="m43">org.example.tests.cart.ViewCartTest#testCartPageDisplay</h3><table class="result"><tr><th class="invisible"/></tr></table><p class="totop"><a href="#summary">back to summary</a></p>
<h3 id="m44">org.example.tests.cart.ViewCartTest#testSelectAllItems</h3><table class="result"><tr><th class="invisible"/></tr></table><p class="totop"><a href="#summary">back to summary</a></p>
<h2>Cart Quantity Test</h2><h3 id="m45">org.example.tests.cart.CartQuantityTest#testDecreaseQuantity</h3><table class="result"><tr><th>Exception</th></tr><tr><td><div class="stacktrace">org.openqa.selenium.TimeoutException: Expected condition failed: waiting for condition to not be valid: text (&apos;31.600 â‚«&apos;) to be present in element found by By.id: total (tried for 10 second(s) with 500 milliseconds interval)
Build info: version: &apos;4.15.0&apos;, revision: &apos;1d14b5521b&apos;
System info: os.name: &apos;Windows 11&apos;, os.arch: &apos;amd64&apos;, os.version: &apos;10.0&apos;, java.version: &apos;23.0.2&apos;
Driver info: org.openqa.selenium.chrome.ChromeDriver
Capabilities {acceptInsecureCerts: false, browserName: chrome, browserVersion: 135.0.7049.85, chrome: {chromedriverVersion: 134.0.6998.35 (ea6ef4c2ac15..., userDataDir: C:\Users\nguye\AppData\Loca...}, fedcm:accounts: true, goog:chromeOptions: {debuggerAddress: localhost:64913}, networkConnectionEnabled: false, pageLoadStrategy: normal, platformName: windows, proxy: Proxy(), se:cdp: ws://localhost:64913/devtoo..., se:cdpVersion: 135.0.7049.85, setWindowRect: true, strictFileInteractability: false, timeouts: {implicit: 0, pageLoad: 300000, script: 30000}, unhandledPromptBehavior: dismiss and notify, webauthn:extension:credBlob: true, webauthn:extension:largeBlob: true, webauthn:extension:minPinLength: true, webauthn:extension:prf: true, webauthn:virtualAuthenticators: true}
Session ID: 6de524cd3e0aa7353fa3217342a7c4d2
	at org.openqa.selenium.support.ui.WebDriverWait.timeoutException(WebDriverWait.java:84)
	at org.openqa.selenium.support.ui.FluentWait.until(FluentWait.java:229)
	at org.example.pages.CartPage.decreaseQuantity(CartPage.java:149)
	at org.example.tests.cart.CartQuantityTest.testDecreaseQuantity(CartQuantityTest.java:86)
	at java.base/java.util.ArrayList.forEach(ArrayList.java:1597)
... Removed 29 stack frames</div></td></tr></table><p class="totop"><a href="#summary">back to summary</a></p>
<h3 id="m46">org.example.tests.cart.CartQuantityTest#testIncreaseQuantity</h3><table class="result"><tr><th class="invisible"/></tr></table><p class="totop"><a href="#summary">back to summary</a></p>
<h2>Cart Test</h2><h3 id="m47">org.example.tests.cart.ProceedToCheckoutTest#testContinueShopping</h3><table class="result"><tr><th class="invisible"/></tr></table><p class="totop"><a href="#summary">back to summary</a></p>
<h3 id="m48">org.example.tests.cart.ProceedToCheckoutTest#testProceedToCheckout</h3><table class="result"><tr><th class="invisible"/></tr></table><p class="totop"><a href="#summary">back to summary</a></p>
<h2>Remove Cart Item Test</h2><h3 id="m49">org.example.tests.cart.RemoveCartItemTest#testRemoveCartItem</h3><table class="result"><tr><th class="invisible"/></tr></table><p class="totop"><a href="#summary">back to summary</a></p>
<h2>Check Out Test </h2><h3 id="m50">org.example.tests.checkout.CheckoutTest#testOrderInformationDisplay</h3><table class="result"><tr><th class="invisible"/></tr></table><p class="totop"><a href="#summary">back to summary</a></p>
<h3 id="m51">org.example.tests.checkout.CheckoutTest#testRequiredFieldValidation</h3><table class="result"><tr><th class="invisible"/></tr></table><p class="totop"><a href="#summary">back to summary</a></p>
<h3 id="m52">org.example.tests.checkout.CheckoutTest#testSuccessfulOrderPlacement</h3><table class="result"><tr><th class="invisible"/></tr></table><p class="totop"><a href="#summary">back to summary</a></p>
</body>
</html>
